


ARM Macro Assembler    Page 1 


    1 00000000         ;******************** (C) Yifeng ZHU *******************
                       ************************
    2 00000000         ; @file    startup_stm32l1xx_md.s
    3 00000000         ; @author  Yifeng Zhu
    4 00000000         ; @version V2.0.0
    5 00000000         ; @date    12-17-2014
    6 00000000         ; @brief   This is a modified startup code to support As
                       sembly Programs without
    7 00000000         ;          using libraries. Key changes include:
    8 00000000         ;          (1) Remove the call of SystemInit()
    9 00000000         ;          (2) Add codes to initialize memory. 
   10 00000000         ;              Copy the Read/Write data section (RW) and
                        the Zero Initialized 
   11 00000000         ;              section (ZI) from the flash to RAM
   12 00000000         ; @note
   13 00000000         ;          This code is for the book "Embedded Systems w
                       ith ARM Cortex-M3 
   14 00000000         ;          Microcontrollers in Assembly Language and C, 
                       Yifeng Zhu, 
   15 00000000         ;          ISBN-10: 0982692625.
   16 00000000         ; @attension
   17 00000000         ;          This code is provided for education purpose. 
                       The author shall not be 
   18 00000000         ;          held liable for any direct, indirect or conse
                       quential damages, for any 
   19 00000000         ;          reason whatever. More information can be foun
                       d from book website: 
   20 00000000         ;          http://www.eece.maine.edu/~zhu/book
   21 00000000         ;*******************************************************
                       ************************
   22 00000000         
   23 00000000         
   24 00000000         ;******************** (C) COPYRIGHT 2010 STMicroelectron
                       ics ********************
   25 00000000         ;* File Name          : startup_stm32l1xx_md.s
   26 00000000         ;* Author             : MCD Application Team
   27 00000000         ;* Version            : V1.0.0
   28 00000000         ;* Date               : 31-December-2010
   29 00000000         ;* Description        : STM32L1xx Ultra Low Power Medium
                       -density Devices vector 
   30 00000000         ;*                      table for MDK-ARM toolchain.
   31 00000000         ;*                      This module performs:
   32 00000000         ;*                      - Set the initial SP
   33 00000000         ;*                      - Set the initial PC == Reset_Ha
                       ndler
   34 00000000         ;*                      - Set the vector table entries w
                       ith the exceptions ISR address
   35 00000000         ;*                      - Branches to __main in the C li
                       brary (which eventually
   36 00000000         ;*                        calls main()).
   37 00000000         ;*                      After Reset the CortexM3 process
                       or is in Thread mode,
   38 00000000         ;*                      priority is Privileged, and the 
                       Stack is set to Main.
   39 00000000         ;* <<< Use Configuration Wizard in Context Menu >>>   
   40 00000000         ;*******************************************************
                       ************************
   41 00000000         ; THE PRESENT FIRMWARE WHICH IS FOR GUIDANCE ONLY AIMS A
                       T PROVIDING CUSTOMERS



ARM Macro Assembler    Page 2 


   42 00000000         ; WITH CODING INFORMATION REGARDING THEIR PRODUCTS IN OR
                       DER FOR THEM TO SAVE TIME.
   43 00000000         ; AS A RESULT, STMICROELECTRONICS SHALL NOT BE HELD LIAB
                       LE FOR ANY DIRECT,
   44 00000000         ; INDIRECT OR CONSEQUENTIAL DAMAGES WITH RESPECT TO ANY 
                       CLAIMS ARISING FROM THE
   45 00000000         ; CONTENT OF SUCH FIRMWARE AND/OR THE USE MADE BY CUSTOM
                       ERS OF THE CODING
   46 00000000         ; INFORMATION CONTAINED HEREIN IN CONNECTION WITH THEIR 
                       PRODUCTS.
   47 00000000         ;*******************************************************
                       ************************
   48 00000000         
   49 00000000         ; Amount of memory (in bytes) allocated for Stack
   50 00000000         ; Tailor this value to your application needs
   51 00000000         ; <h> Stack Configuration
   52 00000000         ;   <o> Stack Size (in Bytes) <0x0-0xFFFFFFFF:8>
   53 00000000         ; </h>
   54 00000000         
   55 00000000         
   56 00000000         
   57 00000000         
   58 00000000 00000400 
                       Stack_Size
                               EQU              0x00000400
   59 00000000         
   60 00000000                 AREA             STACK, NOINIT, READWRITE, ALIGN
=3
   61 00000000         Stack_Mem
                               SPACE            Stack_Size
   62 00000400         __initial_sp
   63 00000400         
   64 00000400         
   65 00000400         ; <h> Heap Configuration
   66 00000400         ;   <o>  Heap Size (in Bytes) <0x0-0xFFFFFFFF:8>
   67 00000400         ; </h>
   68 00000400         
   69 00000400 00000200 
                       Heap_Size
                               EQU              0x00000200
   70 00000400         
   71 00000400                 AREA             HEAP, NOINIT, READWRITE, ALIGN=
3
   72 00000000         __heap_base
   73 00000000         Heap_Mem
                               SPACE            Heap_Size
   74 00000200         __heap_limit
   75 00000200         
   76 00000200                 PRESERVE8
   77 00000200                 THUMB
   78 00000200         
   79 00000200         
   80 00000200         ; Vector Table Mapped to Address 0 at Reset
   81 00000200                 AREA             RESET, DATA, READONLY
   82 00000000                 EXPORT           __Vectors
   83 00000000                 EXPORT           __Vectors_End
   84 00000000                 EXPORT           __Vectors_Size
   85 00000000         
   86 00000000 00000000 



ARM Macro Assembler    Page 3 


                       __Vectors
                               DCD              __initial_sp ; Top of Stack
   87 00000004 00000000        DCD              Reset_Handler ; Reset Handler
   88 00000008 00000000        DCD              NMI_Handler ; NMI Handler
   89 0000000C 00000000        DCD              HardFault_Handler ; Hard Fault 
                                                            Handler
   90 00000010 00000000        DCD              MemManage_Handler 
                                                            ; MPU Fault Handler
                                                            
   91 00000014 00000000        DCD              BusFault_Handler 
                                                            ; Bus Fault Handler
                                                            
   92 00000018 00000000        DCD              UsageFault_Handler ; Usage Faul
                                                            t Handler
   93 0000001C 00000000        DCD              0           ; Reserved
   94 00000020 00000000        DCD              0           ; Reserved
   95 00000024 00000000        DCD              0           ; Reserved
   96 00000028 00000000        DCD              0           ; Reserved
   97 0000002C 00000000        DCD              SVC_Handler ; SVCall Handler
   98 00000030 00000000        DCD              DebugMon_Handler ; Debug Monito
                                                            r Handler
   99 00000034 00000000        DCD              0           ; Reserved
  100 00000038 00000000        DCD              PendSV_Handler ; PendSV Handler
                                                            
  101 0000003C 00000000        DCD              SysTick_Handler 
                                                            ; SysTick Handler
  102 00000040         
  103 00000040         ; External Interrupts
  104 00000040 00000000        DCD              WWDG_IRQHandler 
                                                            ; Window Watchdog
  105 00000044 00000000        DCD              PVD_IRQHandler ; PVD through EX
                                                            TI Line detect
  106 00000048 00000000        DCD              TAMPER_STAMP_IRQHandler ; Tampe
                                                            r and Time Stamp
  107 0000004C 00000000        DCD              RTC_WKUP_IRQHandler 
                                                            ; RTC Wakeup
  108 00000050 00000000        DCD              FLASH_IRQHandler ; FLASH
  109 00000054 00000000        DCD              RCC_IRQHandler ; RCC
  110 00000058 00000000        DCD              EXTI0_IRQHandler ; EXTI Line 0
  111 0000005C 00000000        DCD              EXTI1_IRQHandler ; EXTI Line 1
  112 00000060 00000000        DCD              EXTI2_IRQHandler ; EXTI Line 2
  113 00000064 00000000        DCD              EXTI3_IRQHandler ; EXTI Line 3
  114 00000068 00000000        DCD              EXTI4_IRQHandler ; EXTI Line 4
  115 0000006C 00000000        DCD              DMA1_Channel1_IRQHandler 
                                                            ; DMA1 Channel 1
  116 00000070 00000000        DCD              DMA1_Channel2_IRQHandler 
                                                            ; DMA1 Channel 2
  117 00000074 00000000        DCD              DMA1_Channel3_IRQHandler 
                                                            ; DMA1 Channel 3
  118 00000078 00000000        DCD              DMA1_Channel4_IRQHandler 
                                                            ; DMA1 Channel 4
  119 0000007C 00000000        DCD              DMA1_Channel5_IRQHandler 
                                                            ; DMA1 Channel 5
  120 00000080 00000000        DCD              DMA1_Channel6_IRQHandler 
                                                            ; DMA1 Channel 6
  121 00000084 00000000        DCD              DMA1_Channel7_IRQHandler 
                                                            ; DMA1 Channel 7
  122 00000088 00000000        DCD              ADC1_IRQHandler ; ADC1
  123 0000008C 00000000        DCD              USB_HP_IRQHandler 



ARM Macro Assembler    Page 4 


                                                            ; USB High Priority
                                                            
  124 00000090 00000000        DCD              USB_LP_IRQHandler 
                                                            ; USB Low  Priority
                                                            
  125 00000094 00000000        DCD              DAC_IRQHandler ; DAC
  126 00000098 00000000        DCD              COMP_IRQHandler ; COMP through 
                                                            EXTI Line
  127 0000009C 00000000        DCD              EXTI9_5_IRQHandler 
                                                            ; EXTI Line 9..5
  128 000000A0 00000000        DCD              LCD_IRQHandler ; LCD
  129 000000A4 00000000        DCD              TIM9_IRQHandler ; TIM9
  130 000000A8 00000000        DCD              TIM10_IRQHandler ; TIM10
  131 000000AC 00000000        DCD              TIM11_IRQHandler ; TIM11
  132 000000B0 00000000        DCD              TIM2_IRQHandler ; TIM2
  133 000000B4 00000000        DCD              TIM3_IRQHandler ; TIM3
  134 000000B8 00000000        DCD              TIM4_IRQHandler ; TIM4
  135 000000BC 00000000        DCD              I2C1_EV_IRQHandler ; I2C1 Event
                                                            
  136 000000C0 00000000        DCD              I2C1_ER_IRQHandler ; I2C1 Error
                                                            
  137 000000C4 00000000        DCD              I2C2_EV_IRQHandler ; I2C2 Event
                                                            
  138 000000C8 00000000        DCD              I2C2_ER_IRQHandler ; I2C2 Error
                                                            
  139 000000CC 00000000        DCD              SPI1_IRQHandler ; SPI1
  140 000000D0 00000000        DCD              SPI2_IRQHandler ; SPI2
  141 000000D4 00000000        DCD              USART1_IRQHandler ; USART1
  142 000000D8 00000000        DCD              USART2_IRQHandler ; USART2
  143 000000DC 00000000        DCD              USART3_IRQHandler ; USART3
  144 000000E0 00000000        DCD              EXTI15_10_IRQHandler 
                                                            ; EXTI Line 15..10
  145 000000E4 00000000        DCD              RTC_Alarm_IRQHandler ; RTC Alar
                                                            m through EXTI Line
                                                            
  146 000000E8 00000000        DCD              USB_FS_WKUP_IRQHandler ; USB FS
                                                             Wakeup from suspen
                                                            d
  147 000000EC 00000000        DCD              TIM6_IRQHandler ; TIM6
  148 000000F0 00000000        DCD              TIM7_IRQHandler ; TIM7
  149 000000F4         __Vectors_End
  150 000000F4         
  151 000000F4 000000F4 
                       __Vectors_Size
                               EQU              __Vectors_End - __Vectors
  152 000000F4         
  153 000000F4                 AREA             |.text|, CODE, READONLY
  154 00000000         
  155 00000000         ; Reset handler routine
  156 00000000         Reset_Handler
                               PROC
  157 00000000                 EXPORT           Reset_Handler             [WEAK
]
  158 00000000                 IMPORT           __main
  159 00000000         
  160 00000000         ;******************** Removed by Dr. Zhu ***************
                       ************************************   
  161 00000000         ; IMPORT  SystemInit  
  162 00000000         ; LDR     R0, =SystemInit  ; Commented out by ZHU



ARM Macro Assembler    Page 5 


  163 00000000         ; BLX     R0               ; Commented out by ZHU
  164 00000000         
  165 00000000         ;******************** Added by Dr. Zhu *****************
                       ************************************
  166 00000000         
  167 00000000         ;******************** END ******************************
                       **************************************
  168 00000000         
  169 00000000 4808            LDR              R0, =__main
  170 00000002 4700            BX               R0
  171 00000004                 ENDP
  172 00000004         
  173 00000004         ; Dummy Exception Handlers (infinite loops which can be 
                       modified)
  174 00000004         
  175 00000004         NMI_Handler
                               PROC
  176 00000004                 EXPORT           NMI_Handler                [WEA
K]
  177 00000004 E7FE            B                .
  178 00000006                 ENDP
  180 00000006         HardFault_Handler
                               PROC
  181 00000006                 EXPORT           HardFault_Handler          [WEA
K]
  182 00000006 E7FE            B                .
  183 00000008                 ENDP
  185 00000008         MemManage_Handler
                               PROC
  186 00000008                 EXPORT           MemManage_Handler          [WEA
K]
  187 00000008 E7FE            B                .
  188 0000000A                 ENDP
  190 0000000A         BusFault_Handler
                               PROC
  191 0000000A                 EXPORT           BusFault_Handler           [WEA
K]
  192 0000000A E7FE            B                .
  193 0000000C                 ENDP
  195 0000000C         UsageFault_Handler
                               PROC
  196 0000000C                 EXPORT           UsageFault_Handler         [WEA
K]
  197 0000000C E7FE            B                .
  198 0000000E                 ENDP
  199 0000000E         SVC_Handler
                               PROC
  200 0000000E                 EXPORT           SVC_Handler                [WEA
K]
  201 0000000E E7FE            B                .
  202 00000010                 ENDP
  204 00000010         DebugMon_Handler
                               PROC
  205 00000010                 EXPORT           DebugMon_Handler           [WEA
K]
  206 00000010 E7FE            B                .
  207 00000012                 ENDP
  208 00000012         PendSV_Handler
                               PROC



ARM Macro Assembler    Page 6 


  209 00000012                 EXPORT           PendSV_Handler             [WEA
K]
  210 00000012 E7FE            B                .
  211 00000014                 ENDP
  212 00000014         SysTick_Handler
                               PROC
  213 00000014                 EXPORT           SysTick_Handler            [WEA
K]
  214 00000014 E7FE            B                .
  215 00000016                 ENDP
  216 00000016         
  217 00000016         Default_Handler
                               PROC
  218 00000016         
  219 00000016                 EXPORT           WWDG_IRQHandler            [WEA
K]
  220 00000016                 EXPORT           PVD_IRQHandler             [WEA
K]
  221 00000016                 EXPORT           TAMPER_STAMP_IRQHandler    [WEA
K]
  222 00000016                 EXPORT           RTC_WKUP_IRQHandler        [WEA
K]
  223 00000016                 EXPORT           FLASH_IRQHandler           [WEA
K]
  224 00000016                 EXPORT           RCC_IRQHandler             [WEA
K]
  225 00000016                 EXPORT           EXTI0_IRQHandler           [WEA
K]
  226 00000016                 EXPORT           EXTI1_IRQHandler           [WEA
K]
  227 00000016                 EXPORT           EXTI2_IRQHandler           [WEA
K]
  228 00000016                 EXPORT           EXTI3_IRQHandler           [WEA
K]
  229 00000016                 EXPORT           EXTI4_IRQHandler           [WEA
K]
  230 00000016                 EXPORT           DMA1_Channel1_IRQHandler   [WEA
K]
  231 00000016                 EXPORT           DMA1_Channel2_IRQHandler   [WEA
K]
  232 00000016                 EXPORT           DMA1_Channel3_IRQHandler   [WEA
K]
  233 00000016                 EXPORT           DMA1_Channel4_IRQHandler   [WEA
K]
  234 00000016                 EXPORT           DMA1_Channel5_IRQHandler   [WEA
K]
  235 00000016                 EXPORT           DMA1_Channel6_IRQHandler   [WEA
K]
  236 00000016                 EXPORT           DMA1_Channel7_IRQHandler   [WEA
K]
  237 00000016                 EXPORT           ADC1_IRQHandler            [WEA
K]
  238 00000016                 EXPORT           USB_HP_IRQHandler          [WEA
K]
  239 00000016                 EXPORT           USB_LP_IRQHandler          [WEA
K]
  240 00000016                 EXPORT           DAC_IRQHandler             [WEA
K]
  241 00000016                 EXPORT           COMP_IRQHandler            [WEA



ARM Macro Assembler    Page 7 


K]
  242 00000016                 EXPORT           EXTI9_5_IRQHandler         [WEA
K]
  243 00000016                 EXPORT           LCD_IRQHandler             [WEA
K]
  244 00000016                 EXPORT           TIM9_IRQHandler            [WEA
K]
  245 00000016                 EXPORT           TIM10_IRQHandler           [WEA
K]
  246 00000016                 EXPORT           TIM11_IRQHandler           [WEA
K]
  247 00000016                 EXPORT           TIM2_IRQHandler            [WEA
K]
  248 00000016                 EXPORT           TIM3_IRQHandler            [WEA
K]
  249 00000016                 EXPORT           TIM4_IRQHandler            [WEA
K]
  250 00000016                 EXPORT           I2C1_EV_IRQHandler         [WEA
K]
  251 00000016                 EXPORT           I2C1_ER_IRQHandler         [WEA
K]
  252 00000016                 EXPORT           I2C2_EV_IRQHandler         [WEA
K]
  253 00000016                 EXPORT           I2C2_ER_IRQHandler         [WEA
K]
  254 00000016                 EXPORT           SPI1_IRQHandler            [WEA
K]
  255 00000016                 EXPORT           SPI2_IRQHandler            [WEA
K]
  256 00000016                 EXPORT           USART1_IRQHandler          [WEA
K]
  257 00000016                 EXPORT           USART2_IRQHandler          [WEA
K]
  258 00000016                 EXPORT           USART3_IRQHandler          [WEA
K]
  259 00000016                 EXPORT           EXTI15_10_IRQHandler       [WEA
K]
  260 00000016                 EXPORT           RTC_Alarm_IRQHandler       [WEA
K]
  261 00000016                 EXPORT           USB_FS_WKUP_IRQHandler     [WEA
K]
  262 00000016                 EXPORT           TIM6_IRQHandler            [WEA
K]
  263 00000016                 EXPORT           TIM7_IRQHandler            [WEA
K]
  264 00000016         
  265 00000016         WWDG_IRQHandler
  266 00000016         PVD_IRQHandler
  267 00000016         TAMPER_STAMP_IRQHandler
  268 00000016         RTC_WKUP_IRQHandler
  269 00000016         FLASH_IRQHandler
  270 00000016         RCC_IRQHandler
  271 00000016         EXTI0_IRQHandler
  272 00000016         EXTI1_IRQHandler
  273 00000016         EXTI2_IRQHandler
  274 00000016         EXTI3_IRQHandler
  275 00000016         EXTI4_IRQHandler
  276 00000016         DMA1_Channel1_IRQHandler
  277 00000016         DMA1_Channel2_IRQHandler



ARM Macro Assembler    Page 8 


  278 00000016         DMA1_Channel3_IRQHandler
  279 00000016         DMA1_Channel4_IRQHandler
  280 00000016         DMA1_Channel5_IRQHandler
  281 00000016         DMA1_Channel6_IRQHandler
  282 00000016         DMA1_Channel7_IRQHandler
  283 00000016         ADC1_IRQHandler
  284 00000016         USB_HP_IRQHandler
  285 00000016         USB_LP_IRQHandler
  286 00000016         DAC_IRQHandler
  287 00000016         COMP_IRQHandler
  288 00000016         EXTI9_5_IRQHandler
  289 00000016         LCD_IRQHandler
  290 00000016         TIM9_IRQHandler
  291 00000016         TIM10_IRQHandler
  292 00000016         TIM11_IRQHandler
  293 00000016         TIM2_IRQHandler
  294 00000016         TIM3_IRQHandler
  295 00000016         TIM4_IRQHandler
  296 00000016         I2C1_EV_IRQHandler
  297 00000016         I2C1_ER_IRQHandler
  298 00000016         I2C2_EV_IRQHandler
  299 00000016         I2C2_ER_IRQHandler
  300 00000016         SPI1_IRQHandler
  301 00000016         SPI2_IRQHandler
  302 00000016         USART1_IRQHandler
  303 00000016         USART2_IRQHandler
  304 00000016         USART3_IRQHandler
  305 00000016         EXTI15_10_IRQHandler
  306 00000016         RTC_Alarm_IRQHandler
  307 00000016         USB_FS_WKUP_IRQHandler
  308 00000016         TIM6_IRQHandler
  309 00000016         TIM7_IRQHandler
  310 00000016         
  311 00000016 E7FE            B                .
  312 00000018         
  313 00000018                 ENDP
  314 00000018         
  315 00000018                 ALIGN
  316 00000018         
  317 00000018         ;*******************************************************
                       ************************
  318 00000018         ; User Stack and Heap initialization
  319 00000018         ;*******************************************************
                       ************************
  320 00000018                 IF               :DEF:__MICROLIB
  327 00000018         
  328 00000018         ;                IMPORT  __use_two_region_memory        
                           ; Commented out by Zhu
  329 00000018         ; __use_two_region_memory, two regions in the scatter fi
                       le, 
  330 00000018         ; one for the heap and one for the stack
  331 00000018                 EXPORT           __user_initial_stackheap
  332 00000018         
  333 00000018         __user_initial_stackheap
  334 00000018         
  335 00000018 4803            LDR              R0, =  Heap_Mem
  336 0000001A 4904            LDR              R1, =(Stack_Mem + Stack_Size)
  337 0000001C 4A04            LDR              R2, = (Heap_Mem +  Heap_Size)
  338 0000001E 4B05            LDR              R3, = Stack_Mem



ARM Macro Assembler    Page 9 


  339 00000020 4770            BX               LR
  340 00000022         
  341 00000022 00 00           ALIGN
  342 00000024         
  343 00000024                 ENDIF
  344 00000024         
  345 00000024                 END
              00000000 
              00000000 
              00000400 
              00000200 
              00000000 
Command Line: --debug --xref --diag_suppress=9931 --cpu=Cortex-M4.fp --apcs=int
erwork --depend=.\objects\startup_msp432xx_md.d -o.\objects\startup_msp432xx_md
.o -I.\RTE\_Target_1 -I"C:\Users\parthu and karthik\AppData\Local\Arm\Packs\ARM
\CMSIS\5.7.0\CMSIS\Core\Include" -I"C:\Users\parthu and karthik\AppData\Local\A
rm\Packs\TexasInstruments\MSP432P4xx_DFP\3.2.6\Device\Include" --predefine="__E
VAL SETA 1" --predefine="__UVISION_VERSION SETA 528" --predefine="_RTE_ SETA 1"
 --predefine="__MSP432P401R__ SETA 1" --list=.\listings\startup_msp432xx_md.lst
 startup_MSP432xx_md.s



ARM Macro Assembler    Page 1 Alphabetic symbol ordering
Relocatable symbols

STACK 00000000

Symbol: STACK
   Definitions
      At line 60 in file startup_MSP432xx_md.s
   Uses
      None
Comment: STACK unused
Stack_Mem 00000000

Symbol: Stack_Mem
   Definitions
      At line 61 in file startup_MSP432xx_md.s
   Uses
      At line 336 in file startup_MSP432xx_md.s
      At line 338 in file startup_MSP432xx_md.s

__initial_sp 00000400

Symbol: __initial_sp
   Definitions
      At line 62 in file startup_MSP432xx_md.s
   Uses
      At line 86 in file startup_MSP432xx_md.s
Comment: __initial_sp used once
3 symbols



ARM Macro Assembler    Page 1 Alphabetic symbol ordering
Relocatable symbols

HEAP 00000000

Symbol: HEAP
   Definitions
      At line 71 in file startup_MSP432xx_md.s
   Uses
      None
Comment: HEAP unused
Heap_Mem 00000000

Symbol: Heap_Mem
   Definitions
      At line 73 in file startup_MSP432xx_md.s
   Uses
      At line 335 in file startup_MSP432xx_md.s
      At line 337 in file startup_MSP432xx_md.s

__heap_base 00000000

Symbol: __heap_base
   Definitions
      At line 72 in file startup_MSP432xx_md.s
   Uses
      None
Comment: __heap_base unused
__heap_limit 00000200

Symbol: __heap_limit
   Definitions
      At line 74 in file startup_MSP432xx_md.s
   Uses
      None
Comment: __heap_limit unused
4 symbols



ARM Macro Assembler    Page 1 Alphabetic symbol ordering
Relocatable symbols

RESET 00000000

Symbol: RESET
   Definitions
      At line 81 in file startup_MSP432xx_md.s
   Uses
      None
Comment: RESET unused
__Vectors 00000000

Symbol: __Vectors
   Definitions
      At line 86 in file startup_MSP432xx_md.s
   Uses
      At line 82 in file startup_MSP432xx_md.s
      At line 151 in file startup_MSP432xx_md.s

__Vectors_End 000000F4

Symbol: __Vectors_End
   Definitions
      At line 149 in file startup_MSP432xx_md.s
   Uses
      At line 83 in file startup_MSP432xx_md.s
      At line 151 in file startup_MSP432xx_md.s

3 symbols



ARM Macro Assembler    Page 1 Alphabetic symbol ordering
Relocatable symbols

.text 00000000

Symbol: .text
   Definitions
      At line 153 in file startup_MSP432xx_md.s
   Uses
      None
Comment: .text unused
ADC1_IRQHandler 00000016

Symbol: ADC1_IRQHandler
   Definitions
      At line 283 in file startup_MSP432xx_md.s
   Uses
      At line 122 in file startup_MSP432xx_md.s
      At line 237 in file startup_MSP432xx_md.s

BusFault_Handler 0000000A

Symbol: BusFault_Handler
   Definitions
      At line 190 in file startup_MSP432xx_md.s
   Uses
      At line 91 in file startup_MSP432xx_md.s
      At line 191 in file startup_MSP432xx_md.s

COMP_IRQHandler 00000016

Symbol: COMP_IRQHandler
   Definitions
      At line 287 in file startup_MSP432xx_md.s
   Uses
      At line 126 in file startup_MSP432xx_md.s
      At line 241 in file startup_MSP432xx_md.s

DAC_IRQHandler 00000016

Symbol: DAC_IRQHandler
   Definitions
      At line 286 in file startup_MSP432xx_md.s
   Uses
      At line 125 in file startup_MSP432xx_md.s
      At line 240 in file startup_MSP432xx_md.s

DMA1_Channel1_IRQHandler 00000016

Symbol: DMA1_Channel1_IRQHandler
   Definitions
      At line 276 in file startup_MSP432xx_md.s
   Uses
      At line 115 in file startup_MSP432xx_md.s
      At line 230 in file startup_MSP432xx_md.s

DMA1_Channel2_IRQHandler 00000016

Symbol: DMA1_Channel2_IRQHandler
   Definitions
      At line 277 in file startup_MSP432xx_md.s
   Uses



ARM Macro Assembler    Page 2 Alphabetic symbol ordering
Relocatable symbols

      At line 116 in file startup_MSP432xx_md.s
      At line 231 in file startup_MSP432xx_md.s

DMA1_Channel3_IRQHandler 00000016

Symbol: DMA1_Channel3_IRQHandler
   Definitions
      At line 278 in file startup_MSP432xx_md.s
   Uses
      At line 117 in file startup_MSP432xx_md.s
      At line 232 in file startup_MSP432xx_md.s

DMA1_Channel4_IRQHandler 00000016

Symbol: DMA1_Channel4_IRQHandler
   Definitions
      At line 279 in file startup_MSP432xx_md.s
   Uses
      At line 118 in file startup_MSP432xx_md.s
      At line 233 in file startup_MSP432xx_md.s

DMA1_Channel5_IRQHandler 00000016

Symbol: DMA1_Channel5_IRQHandler
   Definitions
      At line 280 in file startup_MSP432xx_md.s
   Uses
      At line 119 in file startup_MSP432xx_md.s
      At line 234 in file startup_MSP432xx_md.s

DMA1_Channel6_IRQHandler 00000016

Symbol: DMA1_Channel6_IRQHandler
   Definitions
      At line 281 in file startup_MSP432xx_md.s
   Uses
      At line 120 in file startup_MSP432xx_md.s
      At line 235 in file startup_MSP432xx_md.s

DMA1_Channel7_IRQHandler 00000016

Symbol: DMA1_Channel7_IRQHandler
   Definitions
      At line 282 in file startup_MSP432xx_md.s
   Uses
      At line 121 in file startup_MSP432xx_md.s
      At line 236 in file startup_MSP432xx_md.s

DebugMon_Handler 00000010

Symbol: DebugMon_Handler
   Definitions
      At line 204 in file startup_MSP432xx_md.s
   Uses
      At line 98 in file startup_MSP432xx_md.s
      At line 205 in file startup_MSP432xx_md.s

Default_Handler 00000016




ARM Macro Assembler    Page 3 Alphabetic symbol ordering
Relocatable symbols

Symbol: Default_Handler
   Definitions
      At line 217 in file startup_MSP432xx_md.s
   Uses
      None
Comment: Default_Handler unused
EXTI0_IRQHandler 00000016

Symbol: EXTI0_IRQHandler
   Definitions
      At line 271 in file startup_MSP432xx_md.s
   Uses
      At line 110 in file startup_MSP432xx_md.s
      At line 225 in file startup_MSP432xx_md.s

EXTI15_10_IRQHandler 00000016

Symbol: EXTI15_10_IRQHandler
   Definitions
      At line 305 in file startup_MSP432xx_md.s
   Uses
      At line 144 in file startup_MSP432xx_md.s
      At line 259 in file startup_MSP432xx_md.s

EXTI1_IRQHandler 00000016

Symbol: EXTI1_IRQHandler
   Definitions
      At line 272 in file startup_MSP432xx_md.s
   Uses
      At line 111 in file startup_MSP432xx_md.s
      At line 226 in file startup_MSP432xx_md.s

EXTI2_IRQHandler 00000016

Symbol: EXTI2_IRQHandler
   Definitions
      At line 273 in file startup_MSP432xx_md.s
   Uses
      At line 112 in file startup_MSP432xx_md.s
      At line 227 in file startup_MSP432xx_md.s

EXTI3_IRQHandler 00000016

Symbol: EXTI3_IRQHandler
   Definitions
      At line 274 in file startup_MSP432xx_md.s
   Uses
      At line 113 in file startup_MSP432xx_md.s
      At line 228 in file startup_MSP432xx_md.s

EXTI4_IRQHandler 00000016

Symbol: EXTI4_IRQHandler
   Definitions
      At line 275 in file startup_MSP432xx_md.s
   Uses
      At line 114 in file startup_MSP432xx_md.s
      At line 229 in file startup_MSP432xx_md.s



ARM Macro Assembler    Page 4 Alphabetic symbol ordering
Relocatable symbols


EXTI9_5_IRQHandler 00000016

Symbol: EXTI9_5_IRQHandler
   Definitions
      At line 288 in file startup_MSP432xx_md.s
   Uses
      At line 127 in file startup_MSP432xx_md.s
      At line 242 in file startup_MSP432xx_md.s

FLASH_IRQHandler 00000016

Symbol: FLASH_IRQHandler
   Definitions
      At line 269 in file startup_MSP432xx_md.s
   Uses
      At line 108 in file startup_MSP432xx_md.s
      At line 223 in file startup_MSP432xx_md.s

HardFault_Handler 00000006

Symbol: HardFault_Handler
   Definitions
      At line 180 in file startup_MSP432xx_md.s
   Uses
      At line 89 in file startup_MSP432xx_md.s
      At line 181 in file startup_MSP432xx_md.s

I2C1_ER_IRQHandler 00000016

Symbol: I2C1_ER_IRQHandler
   Definitions
      At line 297 in file startup_MSP432xx_md.s
   Uses
      At line 136 in file startup_MSP432xx_md.s
      At line 251 in file startup_MSP432xx_md.s

I2C1_EV_IRQHandler 00000016

Symbol: I2C1_EV_IRQHandler
   Definitions
      At line 296 in file startup_MSP432xx_md.s
   Uses
      At line 135 in file startup_MSP432xx_md.s
      At line 250 in file startup_MSP432xx_md.s

I2C2_ER_IRQHandler 00000016

Symbol: I2C2_ER_IRQHandler
   Definitions
      At line 299 in file startup_MSP432xx_md.s
   Uses
      At line 138 in file startup_MSP432xx_md.s
      At line 253 in file startup_MSP432xx_md.s

I2C2_EV_IRQHandler 00000016

Symbol: I2C2_EV_IRQHandler
   Definitions



ARM Macro Assembler    Page 5 Alphabetic symbol ordering
Relocatable symbols

      At line 298 in file startup_MSP432xx_md.s
   Uses
      At line 137 in file startup_MSP432xx_md.s
      At line 252 in file startup_MSP432xx_md.s

LCD_IRQHandler 00000016

Symbol: LCD_IRQHandler
   Definitions
      At line 289 in file startup_MSP432xx_md.s
   Uses
      At line 128 in file startup_MSP432xx_md.s
      At line 243 in file startup_MSP432xx_md.s

MemManage_Handler 00000008

Symbol: MemManage_Handler
   Definitions
      At line 185 in file startup_MSP432xx_md.s
   Uses
      At line 90 in file startup_MSP432xx_md.s
      At line 186 in file startup_MSP432xx_md.s

NMI_Handler 00000004

Symbol: NMI_Handler
   Definitions
      At line 175 in file startup_MSP432xx_md.s
   Uses
      At line 88 in file startup_MSP432xx_md.s
      At line 176 in file startup_MSP432xx_md.s

PVD_IRQHandler 00000016

Symbol: PVD_IRQHandler
   Definitions
      At line 266 in file startup_MSP432xx_md.s
   Uses
      At line 105 in file startup_MSP432xx_md.s
      At line 220 in file startup_MSP432xx_md.s

PendSV_Handler 00000012

Symbol: PendSV_Handler
   Definitions
      At line 208 in file startup_MSP432xx_md.s
   Uses
      At line 100 in file startup_MSP432xx_md.s
      At line 209 in file startup_MSP432xx_md.s

RCC_IRQHandler 00000016

Symbol: RCC_IRQHandler
   Definitions
      At line 270 in file startup_MSP432xx_md.s
   Uses
      At line 109 in file startup_MSP432xx_md.s
      At line 224 in file startup_MSP432xx_md.s




ARM Macro Assembler    Page 6 Alphabetic symbol ordering
Relocatable symbols

RTC_Alarm_IRQHandler 00000016

Symbol: RTC_Alarm_IRQHandler
   Definitions
      At line 306 in file startup_MSP432xx_md.s
   Uses
      At line 145 in file startup_MSP432xx_md.s
      At line 260 in file startup_MSP432xx_md.s

RTC_WKUP_IRQHandler 00000016

Symbol: RTC_WKUP_IRQHandler
   Definitions
      At line 268 in file startup_MSP432xx_md.s
   Uses
      At line 107 in file startup_MSP432xx_md.s
      At line 222 in file startup_MSP432xx_md.s

Reset_Handler 00000000

Symbol: Reset_Handler
   Definitions
      At line 156 in file startup_MSP432xx_md.s
   Uses
      At line 87 in file startup_MSP432xx_md.s
      At line 157 in file startup_MSP432xx_md.s

SPI1_IRQHandler 00000016

Symbol: SPI1_IRQHandler
   Definitions
      At line 300 in file startup_MSP432xx_md.s
   Uses
      At line 139 in file startup_MSP432xx_md.s
      At line 254 in file startup_MSP432xx_md.s

SPI2_IRQHandler 00000016

Symbol: SPI2_IRQHandler
   Definitions
      At line 301 in file startup_MSP432xx_md.s
   Uses
      At line 140 in file startup_MSP432xx_md.s
      At line 255 in file startup_MSP432xx_md.s

SVC_Handler 0000000E

Symbol: SVC_Handler
   Definitions
      At line 199 in file startup_MSP432xx_md.s
   Uses
      At line 97 in file startup_MSP432xx_md.s
      At line 200 in file startup_MSP432xx_md.s

SysTick_Handler 00000014

Symbol: SysTick_Handler
   Definitions
      At line 212 in file startup_MSP432xx_md.s



ARM Macro Assembler    Page 7 Alphabetic symbol ordering
Relocatable symbols

   Uses
      At line 101 in file startup_MSP432xx_md.s
      At line 213 in file startup_MSP432xx_md.s

TAMPER_STAMP_IRQHandler 00000016

Symbol: TAMPER_STAMP_IRQHandler
   Definitions
      At line 267 in file startup_MSP432xx_md.s
   Uses
      At line 106 in file startup_MSP432xx_md.s
      At line 221 in file startup_MSP432xx_md.s

TIM10_IRQHandler 00000016

Symbol: TIM10_IRQHandler
   Definitions
      At line 291 in file startup_MSP432xx_md.s
   Uses
      At line 130 in file startup_MSP432xx_md.s
      At line 245 in file startup_MSP432xx_md.s

TIM11_IRQHandler 00000016

Symbol: TIM11_IRQHandler
   Definitions
      At line 292 in file startup_MSP432xx_md.s
   Uses
      At line 131 in file startup_MSP432xx_md.s
      At line 246 in file startup_MSP432xx_md.s

TIM2_IRQHandler 00000016

Symbol: TIM2_IRQHandler
   Definitions
      At line 293 in file startup_MSP432xx_md.s
   Uses
      At line 132 in file startup_MSP432xx_md.s
      At line 247 in file startup_MSP432xx_md.s

TIM3_IRQHandler 00000016

Symbol: TIM3_IRQHandler
   Definitions
      At line 294 in file startup_MSP432xx_md.s
   Uses
      At line 133 in file startup_MSP432xx_md.s
      At line 248 in file startup_MSP432xx_md.s

TIM4_IRQHandler 00000016

Symbol: TIM4_IRQHandler
   Definitions
      At line 295 in file startup_MSP432xx_md.s
   Uses
      At line 134 in file startup_MSP432xx_md.s
      At line 249 in file startup_MSP432xx_md.s

TIM6_IRQHandler 00000016



ARM Macro Assembler    Page 8 Alphabetic symbol ordering
Relocatable symbols


Symbol: TIM6_IRQHandler
   Definitions
      At line 308 in file startup_MSP432xx_md.s
   Uses
      At line 147 in file startup_MSP432xx_md.s
      At line 262 in file startup_MSP432xx_md.s

TIM7_IRQHandler 00000016

Symbol: TIM7_IRQHandler
   Definitions
      At line 309 in file startup_MSP432xx_md.s
   Uses
      At line 148 in file startup_MSP432xx_md.s
      At line 263 in file startup_MSP432xx_md.s

TIM9_IRQHandler 00000016

Symbol: TIM9_IRQHandler
   Definitions
      At line 290 in file startup_MSP432xx_md.s
   Uses
      At line 129 in file startup_MSP432xx_md.s
      At line 244 in file startup_MSP432xx_md.s

USART1_IRQHandler 00000016

Symbol: USART1_IRQHandler
   Definitions
      At line 302 in file startup_MSP432xx_md.s
   Uses
      At line 141 in file startup_MSP432xx_md.s
      At line 256 in file startup_MSP432xx_md.s

USART2_IRQHandler 00000016

Symbol: USART2_IRQHandler
   Definitions
      At line 303 in file startup_MSP432xx_md.s
   Uses
      At line 142 in file startup_MSP432xx_md.s
      At line 257 in file startup_MSP432xx_md.s

USART3_IRQHandler 00000016

Symbol: USART3_IRQHandler
   Definitions
      At line 304 in file startup_MSP432xx_md.s
   Uses
      At line 143 in file startup_MSP432xx_md.s
      At line 258 in file startup_MSP432xx_md.s

USB_FS_WKUP_IRQHandler 00000016

Symbol: USB_FS_WKUP_IRQHandler
   Definitions
      At line 307 in file startup_MSP432xx_md.s
   Uses



ARM Macro Assembler    Page 9 Alphabetic symbol ordering
Relocatable symbols

      At line 146 in file startup_MSP432xx_md.s
      At line 261 in file startup_MSP432xx_md.s

USB_HP_IRQHandler 00000016

Symbol: USB_HP_IRQHandler
   Definitions
      At line 284 in file startup_MSP432xx_md.s
   Uses
      At line 123 in file startup_MSP432xx_md.s
      At line 238 in file startup_MSP432xx_md.s

USB_LP_IRQHandler 00000016

Symbol: USB_LP_IRQHandler
   Definitions
      At line 285 in file startup_MSP432xx_md.s
   Uses
      At line 124 in file startup_MSP432xx_md.s
      At line 239 in file startup_MSP432xx_md.s

UsageFault_Handler 0000000C

Symbol: UsageFault_Handler
   Definitions
      At line 195 in file startup_MSP432xx_md.s
   Uses
      At line 92 in file startup_MSP432xx_md.s
      At line 196 in file startup_MSP432xx_md.s

WWDG_IRQHandler 00000016

Symbol: WWDG_IRQHandler
   Definitions
      At line 265 in file startup_MSP432xx_md.s
   Uses
      At line 104 in file startup_MSP432xx_md.s
      At line 219 in file startup_MSP432xx_md.s

__user_initial_stackheap 00000018

Symbol: __user_initial_stackheap
   Definitions
      At line 333 in file startup_MSP432xx_md.s
   Uses
      At line 331 in file startup_MSP432xx_md.s
Comment: __user_initial_stackheap used once
58 symbols



ARM Macro Assembler    Page 1 Alphabetic symbol ordering
Absolute symbols

Heap_Size 00000200

Symbol: Heap_Size
   Definitions
      At line 69 in file startup_MSP432xx_md.s
   Uses
      At line 73 in file startup_MSP432xx_md.s
      At line 337 in file startup_MSP432xx_md.s

Stack_Size 00000400

Symbol: Stack_Size
   Definitions
      At line 58 in file startup_MSP432xx_md.s
   Uses
      At line 61 in file startup_MSP432xx_md.s
      At line 336 in file startup_MSP432xx_md.s

__Vectors_Size 000000F4

Symbol: __Vectors_Size
   Definitions
      At line 151 in file startup_MSP432xx_md.s
   Uses
      At line 84 in file startup_MSP432xx_md.s
Comment: __Vectors_Size used once
3 symbols



ARM Macro Assembler    Page 1 Alphabetic symbol ordering
External symbols

__main 00000000

Symbol: __main
   Definitions
      At line 158 in file startup_MSP432xx_md.s
   Uses
      At line 169 in file startup_MSP432xx_md.s
Comment: __main used once
1 symbol
411 symbols in table
